<?xml version="1.0" encoding="UTF-8"?>
<!-- Generated by org.testng.reporters.JUnitReportReporter -->
<testsuite hostname="LAPTOP-3O21V2C5" failures="0" tests="5" name="testExecution.LoginTest" time="2.126" errors="0" timestamp="2024-11-10T19:45:50 IST" skipped="0">
  <testcase classname="testExecution.LoginTest" name="selectLoginHomepage" time="0.295"/>
  <testcase classname="testExecution.LoginTest" name="invalidLoginWithMobileNumber" time="0.390"/>
  <testcase classname="testExecution.LoginTest" name="invalidLoginWithMobileNumber" time="0.464"/>
  <testcase classname="testExecution.LoginTest" name="invalidLoginWithMobileNumber" time="0.332"/>
  <testcase classname="testExecution.LoginTest" name="invalidLoginWithMobileNumber" time="0.645"/>
</testsuite> <!-- testExecution.LoginTest -->
