<?xml version="1.0" encoding="UTF-8"?>
<!-- Generated by org.testng.reporters.JUnitReportReporter -->
<testsuite hostname="LAPTOP-3O21V2C5" failures="0" tests="1" name="testExecution.CreateAccountTest" time="19.932" errors="0" timestamp="2024-11-09T17:51:31 IST" skipped="0">
  <testcase classname="testExecution.CreateAccountTest" name="createNewAccount" time="19.932"/>
</testsuite> <!-- testExecution.CreateAccountTest -->
